# JRE version: Java(TM) SE Runtime Environment (13.0.2+8) (build 13.0.2+8)
# Java VM: Java HotSpot(TM) 64-Bit Server VM (13.0.2+8, mixed mode, sharing, tiered, compressed oops, g1 gc, linux-amd64)
Heap:
 garbage-first heap   total 633856K, used 375529K [0x00000000c0000000, 0x0000000100000000)
  region size 1024K, 197 young (201728K), 11 survivors (11264K)
 Metaspace       used 94832K, capacity 98846K, committed 99248K, reserved 1138688K
  class space    used 8181K, capacity 9651K, committed 9804K, reserved 1048576K
GC Heap History (20 events):
Event: 17427,287 GC heap before
{Heap before GC invocations=1008 (full 0):
 garbage-first heap   total 464896K, used 311045K [0x00000000c0000000, 0x0000000100000000)
  region size 1024K, 128 young (131072K), 6 survivors (6144K)
 Metaspace       used 94783K, capacity 98846K, committed 99248K, reserved 1138688K
  class space    used 8181K, capacity 9651K, committed 9804K, reserved 1048576K
}
Event: 17427,303 GC heap after
{Heap after GC invocations=1009 (full 0):
 garbage-first heap   total 464896K, used 186631K [0x00000000c0000000, 0x0000000100000000)
  region size 1024K, 7 young (7168K), 7 survivors (7168K)
 Metaspace       used 94783K, capacity 98846K, committed 99248K, reserved 1138688K
  class space    used 8181K, capacity 9651K, committed 9804K, reserved 1048576K
}
Event: 17428,763 GC heap before
{Heap before GC invocations=1009 (full 0):
 garbage-first heap   total 464896K, used 318727K [0x00000000c0000000, 0x0000000100000000)
  region size 1024K, 136 young (139264K), 7 survivors (7168K)
 Metaspace       used 94783K, capacity 98846K, committed 99248K, reserved 1138688K
  class space    used 8181K, capacity 9651K, committed 9804K, reserved 1048576K
}
Event: 17428,786 GC heap after
{Heap after GC invocations=1010 (full 0):
 garbage-first heap   total 464896K, used 186714K [0x00000000c0000000, 0x0000000100000000)
  region size 1024K, 7 young (7168K), 7 survivors (7168K)
 Metaspace       used 94783K, capacity 98846K, committed 99248K, reserved 1138688K
  class space    used 8181K, capacity 9651K, committed 9804K, reserved 1048576K
}
Event: 17429,935 GC heap before
{Heap before GC invocations=1010 (full 0):
 garbage-first heap   total 464896K, used 332122K [0x00000000c0000000, 0x0000000100000000)
  region size 1024K, 149 young (152576K), 7 survivors (7168K)
 Metaspace       used 94783K, capacity 98846K, committed 99248K, reserved 1138688K
  class space    used 8181K, capacity 9651K, committed 9804K, reserved 1048576K
}
Event: 17430,005 GC heap after
{Heap after GC invocations=1011 (full 0):
 garbage-first heap   total 464896K, used 188187K [0x00000000c0000000, 0x0000000100000000)
  region size 1024K, 8 young (8192K), 8 survivors (8192K)
 Metaspace       used 94783K, capacity 98846K, committed 99248K, reserved 1138688K
  class space    used 8181K, capacity 9651K, committed 9804K, reserved 1048576K
}
Event: 17431,754 GC heap before
{Heap before GC invocations=1011 (full 0):
 garbage-first heap   total 464896K, used 344859K [0x00000000c0000000, 0x0000000100000000)
  region size 1024K, 162 young (165888K), 8 survivors (8192K)
 Metaspace       used 94783K, capacity 98846K, committed 99248K, reserved 1138688K
  class space    used 8181K, capacity 9651K, committed 9804K, reserved 1048576K
}
Event: 17431,852 GC heap after
{Heap after GC invocations=1012 (full 0):
 garbage-first heap   total 464896K, used 191614K [0x00000000c0000000, 0x0000000100000000)
  region size 1024K, 12 young (12288K), 12 survivors (12288K)
 Metaspace       used 94783K, capacity 98846K, committed 99248K, reserved 1138688K
  class space    used 8181K, capacity 9651K, committed 9804K, reserved 1048576K
}
Event: 17440,488 GC heap before
{Heap before GC invocations=1012 (full 0):
 garbage-first heap   total 464896K, used 357502K [0x00000000c0000000, 0x0000000100000000)
  region size 1024K, 175 young (179200K), 12 survivors (12288K)
 Metaspace       used 94786K, capacity 98846K, committed 99248K, reserved 1138688K
  class space    used 8181K, capacity 9651K, committed 9804K, reserved 1048576K
}
Event: 17440,567 GC heap after
{Heap after GC invocations=1013 (full 0):
 garbage-first heap   total 464896K, used 192255K [0x00000000c0000000, 0x0000000100000000)
  region size 1024K, 12 young (12288K), 12 survivors (12288K)
 Metaspace       used 94786K, capacity 98846K, committed 99248K, reserved 1138688K
  class space    used 8181K, capacity 9651K, committed 9804K, reserved 1048576K
}
Event: 17446,942 GC heap before
{Heap before GC invocations=1013 (full 0):
 garbage-first heap   total 464896K, used 369407K [0x00000000c0000000, 0x0000000100000000)
  region size 1024K, 182 young (186368K), 12 survivors (12288K)
 Metaspace       used 94815K, capacity 98846K, committed 99248K, reserved 1138688K
  class space    used 8181K, capacity 9651K, committed 9804K, reserved 1048576K
}
Event: 17447,104 GC heap after
{Heap after GC invocations=1014 (full 0):
 garbage-first heap   total 464896K, used 190747K [0x00000000c0000000, 0x0000000100000000)
  region size 1024K, 11 young (11264K), 11 survivors (11264K)
 Metaspace       used 94815K, capacity 98846K, committed 99248K, reserved 1138688K
  class space    used 8181K, capacity 9651K, committed 9804K, reserved 1048576K
}
Event: 17772,687 GC heap before
{Heap before GC invocations=1014 (full 0):
 garbage-first heap   total 464896K, used 368923K [0x00000000c0000000, 0x0000000100000000)
  region size 1024K, 186 young (190464K), 11 survivors (11264K)
 Metaspace       used 94832K, capacity 98846K, committed 99248K, reserved 1138688K
  class space    used 8181K, capacity 9651K, committed 9804K, reserved 1048576K
}
Event: 17772,710 GC heap after
{Heap after GC invocations=1015 (full 0):
 garbage-first heap   total 464896K, used 191749K [0x00000000c0000000, 0x0000000100000000)
  region size 1024K, 12 young (12288K), 12 survivors (12288K)
 Metaspace       used 94832K, capacity 98846K, committed 99248K, reserved 1138688K
  class space    used 8181K, capacity 9651K, committed 9804K, reserved 1048576K
}
Event: 17810,144 GC heap before
{Heap before GC invocations=1015 (full 0):
 garbage-first heap   total 464896K, used 375045K [0x00000000c0000000, 0x0000000100000000)
  region size 1024K, 191 young (195584K), 12 survivors (12288K)
 Metaspace       used 94832K, capacity 98846K, committed 99248K, reserved 1138688K
  class space    used 8181K, capacity 9651K, committed 9804K, reserved 1048576K
}
Event: 17810,162 GC heap after
{Heap after GC invocations=1016 (full 0):
 garbage-first heap   total 464896K, used 189723K [0x00000000c0000000, 0x0000000100000000)
  region size 1024K, 10 young (10240K), 10 survivors (10240K)
 Metaspace       used 94832K, capacity 98846K, committed 99248K, reserved 1138688K
  class space    used 8181K, capacity 9651K, committed 9804K, reserved 1048576K
}
Event: 17811,408 GC heap before
{Heap before GC invocations=1016 (full 0):
 garbage-first heap   total 464896K, used 380187K [0x00000000c0000000, 0x0000000100000000)
  region size 1024K, 193 young (197632K), 10 survivors (10240K)
 Metaspace       used 94832K, capacity 98846K, committed 99248K, reserved 1138688K
  class space    used 8181K, capacity 9651K, committed 9804K, reserved 1048576K
}
Event: 17811,466 GC heap after
{Heap after GC invocations=1017 (full 0):
 garbage-first heap   total 464896K, used 190699K [0x00000000c0000000, 0x0000000100000000)
  region size 1024K, 11 young (11264K), 11 survivors (11264K)
 Metaspace       used 94832K, capacity 98846K, committed 99248K, reserved 1138688K
  class space    used 8181K, capacity 9651K, committed 9804K, reserved 1048576K
}
Event: 17811,589 GC heap before
{Heap before GC invocations=1017 (full 0):
 garbage-first heap   total 464896K, used 202987K [0x00000000c0000000, 0x0000000100000000)
  region size 1024K, 24 young (24576K), 11 survivors (11264K)
 Metaspace       used 94832K, capacity 98846K, committed 99248K, reserved 1138688K
  class space    used 8181K, capacity 9651K, committed 9804K, reserved 1048576K
}
Event: 17811,706 GC heap after
{Heap after GC invocations=1018 (full 0):
 garbage-first heap   total 464896K, used 191209K [0x00000000c0000000, 0x0000000100000000)
  region size 1024K, 11 young (11264K), 11 survivors (11264K)
 Metaspace       used 94832K, capacity 98846K, committed 99248K, reserved 1138688K
  class space    used 8181K, capacity 9651K, committed 9804K, reserved 1048576K
}

